<?xml version="1.0" encoding="UTF-8"?>
<!-- Generated by org.testng.reporters.JUnitReportReporter -->
<testsuite hostname="DESKTOP-L8H97O0" failures="0" tests="1" name="testpkg.DeygaTest" time="31.450" errors="0" timestamp="2025-02-04T20:04:01 IST" skipped="0">
  <testcase classname="testpkg.DeygaTest" name="searchtest" time="31.450"/>
  <system-out/>
</testsuite> <!-- testpkg.DeygaTest -->
